MPI ONLY: Divide the record file into chunck(constant) and Allocate it dynamically in rank 0 to other ranks and Other ranks will deal with all patterns sequentially with thier chunks
Approximate Pattern Mathing: looking for 2 pattern(s) in file ../../dna/chr1.fa w/ distance of 2
Number of matches for pattern <AATGCTAGATTTAAGGAGTTGCTTA>: 6
Number of matches for pattern <AAAAATCTTTGTATTAGAAAAAGT>: 5
APM done in 0.173807 s

MPI ONLY: Each pattern is taken one by one and the file split between other MPI ranks by rank 0 for each pattern.
Approximate Pattern Matching: looking for 2 pattern(s) in file ../../dna/chr1.fa w/ distance of 2
file size: 186109
Number of matches for pattern <AATGCTAGATTTAAGGAGTTGCTTA>: 6
Number of matches for pattern <AAAAATCTTTGTATTAGAAAAAGT>: 5
APM done in 0.175562 s

MPI ONLY: Divide the record file into chunck(constant) and Allocate it dynamically in rank 0 to other ranks and Other ranks will deal with all patterns sequentially with thier chunks
Approximate Pattern Mathing: looking for 2 pattern(s) in file ../../dna/chr7.fa w/ distance of 2
Number of matches for pattern <AATGCTAGATTTAAGGAGTTGCTTA>: 2
Number of matches for pattern <AAAAATCTTTGTATTAGAAAAAGT>: 2
APM done in 9.539371 s

MPI ONLY: Each pattern is taken one by one and the file split between other MPI ranks by rank 0 for each pattern.
Approximate Pattern Matching: looking for 2 pattern(s) in file ../../dna/chr7.fa w/ distance of 2
file size: 12445630
Number of matches for pattern <AATGCTAGATTTAAGGAGTTGCTTA>: 2
Number of matches for pattern <AAAAATCTTTGTATTAGAAAAAGT>: 2
APM done in 9.441547 s

MPI ONLY: Divide the record file into chunck(constant) and Allocate it dynamically in rank 0 to other ranks and Other ranks will deal with all patterns sequentially with thier chunks
Approximate Pattern Mathing: looking for 2 pattern(s) in file ../../dna/chr22.fa w/ distance of 2
Number of matches for pattern <AATGCTAGATTTAAGGAGTTGCTTA>: 2
Number of matches for pattern <AAAAATCTTTGTATTAGAAAAAGT>: 2
APM done in 38.379622 s

MPI ONLY: Each pattern is taken one by one and the file split between other MPI ranks by rank 0 for each pattern.
Approximate Pattern Matching: looking for 2 pattern(s) in file ../../dna/chr22.fa w/ distance of 2
file size: 51834845
Number of matches for pattern <AATGCTAGATTTAAGGAGTTGCTTA>: 2
Number of matches for pattern <AAAAATCTTTGTATTAGAAAAAGT>: 2
APM done in 37.054641 s

