MPI ONLY: Divide the record file into chunck(constant) and Allocate it dynamically in rank 0 to other ranks and Other ranks will deal with all patterns sequentially with thier chunks
Approximate Pattern Mathing: looking for 2 pattern(s) in file ../../dna/chr1.fa w/ distance of 2
Number of matches for pattern <AATGCTAGATTTAAGGAGTTGCTTA>: 6
Number of matches for pattern <AAAAATCTTTGTATTAGAAAAAGT>: 5
APM done in 0.274815 s

MPI ONLY: Each pattern is taken one by one and the file split between other MPI ranks by rank 0 for each pattern.
Approximate Pattern Matching: looking for 2 pattern(s) in file ../../dna/chr1.fa w/ distance of 2
file size: 186109
Number of matches for pattern <AATGCTAGATTTAAGGAGTTGCTTA>: 6
Number of matches for pattern <AAAAATCTTTGTATTAGAAAAAGT>: 5
APM done in 0.270872 s

MPI ONLY: Divide the record file into chunck(constant) and Allocate it dynamically in rank 0 to other ranks and Other ranks will deal with all patterns sequentially with thier chunks
Approximate Pattern Mathing: looking for 2 pattern(s) in file ../../dna/chr7.fa w/ distance of 2
Number of matches for pattern <AATGCTAGATTTAAGGAGTTGCTTA>: 2
Number of matches for pattern <AAAAATCTTTGTATTAGAAAAAGT>: 2
APM done in 16.222212 s

MPI ONLY: Each pattern is taken one by one and the file split between other MPI ranks by rank 0 for each pattern.
Approximate Pattern Matching: looking for 2 pattern(s) in file ../../dna/chr7.fa w/ distance of 2
file size: 12445630
Number of matches for pattern <AATGCTAGATTTAAGGAGTTGCTTA>: 2
Number of matches for pattern <AAAAATCTTTGTATTAGAAAAAGT>: 2
APM done in 15.967422 s

MPI ONLY: Divide the record file into chunck(constant) and Allocate it dynamically in rank 0 to other ranks and Other ranks will deal with all patterns sequentially with thier chunks
Approximate Pattern Mathing: looking for 2 pattern(s) in file ../../dna/chr22.fa w/ distance of 2
Number of matches for pattern <AATGCTAGATTTAAGGAGTTGCTTA>: 2
Number of matches for pattern <AAAAATCTTTGTATTAGAAAAAGT>: 2
APM done in 64.082243 s

MPI ONLY: Each pattern is taken one by one and the file split between other MPI ranks by rank 0 for each pattern.
Approximate Pattern Matching: looking for 2 pattern(s) in file ../../dna/chr22.fa w/ distance of 2
file size: 51834845
Number of matches for pattern <AATGCTAGATTTAAGGAGTTGCTTA>: 2
Number of matches for pattern <AAAAATCTTTGTATTAGAAAAAGT>: 2
APM done in 62.940338 s

